<?xml version="1.0" encoding="UTF-8"?>
<testExecutions version="1">
  <file path="C:\React\nba-project\test\link.test.js">
    <testCase name="changes the class when hovered" duration="25"/>
  </file>
</testExecutions>