<?xml version="1.0" encoding="UTF-8"?>
<testExecutions version="1">
  <file path="C:\React\nba-project\test\sum.test.js">
    <testCase name="adds 1 + 2 to equal 3" duration="36"/>
  </file>
  <file path="C:\React\nba-project\test\link.test.js">
    <testCase name="changes the class when hovered" duration="39"/>
  </file>
  <file path="C:\React\nba-project\test\searchList.test.tsx">
    <testCase name="SearchList component renders filtered players" duration="59"/>
    <testCase name="SearchList component renders no players when filteredPlayers is empty" duration="5"/>
  </file>
  <file path="C:\React\nba-project\test\scroll.test.tsx">
    <testCase name="Scroll component renders children inside a scrollable container" duration="96"/>
  </file>
  <file path="C:\React\nba-project\test\render.test.js">
    <testCase name="App component renders player card for Ike Anigbogu" duration="84"/>
  </file>
  <file path="C:\React\nba-project\test\searchFilter.test.tsx">
    <testCase name="App component renders players whos first name begins with I" duration="1059">
      <failure message="Error: Unable to find an element with the text: I. This could be because the text is broken up by multiple elements. In this case, you can provide a function for your text matcher to make your matcher more flexible."><![CDATA[Error: Unable to find an element with the text: I. This could be because the text is broken up by multiple elements. In this case, you can provide a function for your text matcher to make your matcher more flexible.

Ignored nodes: comments, script, style
<body>
  <div>
    <center>
      <div
        class="SearchBarSection"
      >
        <h2
          class="SectionTitle"
          style="color: white;"
        >
          Search for NBA Players
        </h2>
        <img
          alt="NBA Poster"
          src="[object Object]"
        />
        <p
          class="SectionDescription"
          style="color: white;"
        >
          Explore the NBA player database and find your favorite players!
        </p>
      </div>
    </center>
    <div
      class="searchPlayers"
      data-testid="mock-search-list"
    >
      <input
        class="NBA_Search"
        placeholder="Search"
        type="text"
        value=""
      />
    </div>
    <div
      class="player-card-container"
    >
      <div
        class="card"
      >
        <span>
          Ike
        </span>
        <br />
        <span>
          Anigbogu
        </span>
        <br />
        <span>
          Postion: 
          C
        </span>
        <hr />
        <details>
          <summary>
            Team Info
          </summary>
          <table>
            <tbody>
              <tr>
                <td>
                  Team Name:
                </td>
                <td>
                  Indiana Pacers
                </td>
              </tr>
              <tr>
                <td>
                  Abbreviation:
                </td>
                <td />
              </tr>
              <tr>
                <td>
                  City:
                </td>
                <td />
              </tr>
              <tr>
                <td>
                  Conference:
                </td>
                <td />
              </tr>
              <tr>
                <td>
                  Division:
                </td>
                <td />
              </tr>
            </tbody>
          </table>
        </details>
      </div>
      <div
        class="card"
      >
        <span>
          Isaiah
        </span>
        <br />
        <span>
          Canaan
        </span>
        <br />
        <span>
          Postion: 
          PG
        </span>
        <hr />
        <details>
          <summary>
            Team Info
          </summary>
          <table>
            <tbody>
              <tr>
                <td>
                  Team Name:
                </td>
                <td>
                  Houston Rockets
                </td>
              </tr>
              <tr>
                <td>
                  Abbreviation:
                </td>
                <td />
              </tr>
              <tr>
                <td>
                  City:
                </td>
                <td />
              </tr>
              <tr>
                <td>
                  Conference:
                </td>
                <td />
              </tr>
              <tr>
                <td>
                  Division:
                </td>
                <td />
              </tr>
            </tbody>
          </table>
        </details>
      </div>
      <div
        class="card"
      >
        <span>
          Ike
        </span>
        <br />
        <span>
          Borsavage
        </span>
        <br />
        <span>
          Postion: 
          C/PF
        </span>
        <hr />
        <details>
          <summary>
            Team Info
          </summary>
          <table>
            <tbody>
              <tr>
                <td>
                  Team Name:
                </td>
                <td>
                  Philadelphia Warriors
                </td>
              </tr>
              <tr>
                <td>
                  Abbreviation:
                </td>
                <td />
              </tr>
              <tr>
                <td>
                  City:
                </td>
                <td />
              </tr>
              <tr>
                <td>
                  Conference:
                </td>
                <td />
              </tr>
              <tr>
                <td>
                  Division:
                </td>
                <td />
              </tr>
            </tbody>
          </table>
        </details>
      </div>
      <div
        class="card"
      >
        <span>
          Felipe
        </span>
        <br />
        <span>
          Lopez
        </span>
        <br />
        <span>
          Postion: 
          SG
        </span>
        <hr />
        <details>
          <summary>
            Team Info
          </summary>
          <table>
            <tbody>
              <tr>
                <td>
                  Team Name:
                </td>
                <td>
                  San Antonio Spurs
                </td>
              </tr>
              <tr>
                <td>
                  Abbreviation:
                </td>
                <td />
              </tr>
              <tr>
                <td>
                  City:
                </td>
                <td />
              </tr>
              <tr>
                <td>
                  Conference:
                </td>
                <td />
              </tr>
              <tr>
                <td>
                  Division:
                </td>
                <td />
              </tr>
            </tbody>
          </table>
        </details>
      </div>
      <div
        class="card"
      >
        <span>
          Allen
        </span>
        <br />
        <span>
          Iverson
        </span>
        <br />
        <span>
          Postion: 
          SG/PG
        </span>
        <hr />
        <details>
          <summary>
            Team Info
          </summary>
          <table>
            <tbody>
              <tr>
                <td>
                  Team Name:
                </td>
                <td>
                  Philadelphia 76ers
                </td>
              </tr>
              <tr>
                <td>
                  Abbreviation:
                </td>
                <td />
              </tr>
              <tr>
                <td>
                  City:
                </td>
                <td />
              </tr>
              <tr>
                <td>
                  Conference:
                </td>
                <td />
              </tr>
              <tr>
                <td>
                  Division:
                </td>
                <td />
              </tr>
            </tbody>
          </table>
        </details>
      </div>
    </div>
  </div>
</body>
    at waitForWrapper (C:\React\nba-project\node_modules\@testing-library\dom\dist\wait-for.js:162:27)
    at C:\React\nba-project\node_modules\@testing-library\dom\dist\query-helpers.js:86:33
    at Object.findByText (C:\React\nba-project\test\searchFilter.test.tsx:33:45)
    at Promise.then.completed (C:\React\nba-project\node_modules\jest-circus\build\utils.js:298:28)
    at new Promise (<anonymous>)
    at callAsyncCircusFn (C:\React\nba-project\node_modules\jest-circus\build\utils.js:231:10)
    at _callCircusTest (C:\React\nba-project\node_modules\jest-circus\build\run.js:316:40)
    at processTicksAndRejections (node:internal/process/task_queues:95:5)
    at _runTest (C:\React\nba-project\node_modules\jest-circus\build\run.js:252:3)
    at _runTestsForDescribeBlock (C:\React\nba-project\node_modules\jest-circus\build\run.js:126:9)
    at _runTestsForDescribeBlock (C:\React\nba-project\node_modules\jest-circus\build\run.js:121:9)
    at run (C:\React\nba-project\node_modules\jest-circus\build\run.js:71:3)
    at runAndTransformResultsToJestFormat (C:\React\nba-project\node_modules\jest-circus\build\legacy-code-todo-rewrite\jestAdapterInit.js:122:21)
    at jestAdapter (C:\React\nba-project\node_modules\jest-circus\build\legacy-code-todo-rewrite\jestAdapter.js:79:19)
    at runTestInternal (C:\React\nba-project\node_modules\jest-runner\build\runTest.js:367:16)
    at runTest (C:\React\nba-project\node_modules\jest-runner\build\runTest.js:444:34)
    at Object.worker (C:\React\nba-project\node_modules\jest-runner\build\testWorker.js:106:12)]]></failure>
    </testCase>
  </file>
</testExecutions>